\BOOKMARK [1][-]{section.1}{\376\377\000I\000n\000t\000r\000o\000d\000u\000c\000t\000i\000o\000n}{}% 1
\BOOKMARK [1][-]{section.2}{\376\377\000B\000a\000c\000k\000g\000r\000o\000u\000n\000d}{}% 2
\BOOKMARK [1][-]{section.3}{\376\377\000K\000i\000m\000e\000r\000a}{}% 3
\BOOKMARK [2][-]{subsection.3.1}{\376\377\000S\000t\000r\000u\000c\000t\000u\000r\000e}{section.3}% 4
\BOOKMARK [2][-]{subsection.3.2}{\376\377\000K\000i\000m\000e\000r\000a\000-\000V\000I\000O}{section.3}% 5
\BOOKMARK [3][-]{subsubsection.3.2.1}{\376\377\000O\000n\000-\000m\000a\000n\000i\000f\000o\000l\000d\000\040\000p\000r\000e\000i\000n\000t\000e\000g\000r\000a\000t\000i\000o\000n}{subsection.3.2}% 6
\BOOKMARK [3][-]{subsubsection.3.2.2}{\376\377\000S\000h\000i\000-\000T\000o\000m\000a\000s\000h\000i\000\040\000C\000o\000r\000n\000e\000r\000s}{subsection.3.2}% 7
\BOOKMARK [3][-]{subsubsection.3.2.3}{\376\377\000L\000u\000c\000a\000s\000-\000K\000a\000n\000a\000d\000e\000\040\000t\000r\000a\000c\000k\000e\000r}{subsection.3.2}% 8
\BOOKMARK [3][-]{subsubsection.3.2.4}{\376\377\000O\000v\000e\000r\000v\000i\000e\000w}{subsection.3.2}% 9
\BOOKMARK [2][-]{subsection.3.3}{\376\377\000K\000i\000m\000e\000r\000a\000-\000M\000e\000s\000h\000e\000r}{section.3}% 10
\BOOKMARK [3][-]{subsubsection.3.3.1}{\376\377\000D\000e\000l\000a\000u\000n\000a\000y\000\040\000T\000r\000i\000a\000n\000g\000u\000l\000a\000t\000i\000o\000n}{subsection.3.3}% 11
\BOOKMARK [3][-]{subsubsection.3.3.2}{\376\377\000O\000v\000e\000r\000v\000i\000e\000w}{subsection.3.3}% 12
\BOOKMARK [2][-]{subsection.3.4}{\376\377\000K\000i\000m\000e\000r\000a\000-\000R\000P\000G\000O}{section.3}% 13
\BOOKMARK [3][-]{subsubsection.3.4.1}{\376\377\000I\000n\000c\000r\000e\000m\000e\000n\000t\000a\000l\000\040\000C\000o\000n\000s\000i\000s\000t\000e\000n\000t\000\040\000M\000e\000a\000s\000u\000r\000e\000m\000e\000n\000t\000\040\000S\000e\000t\000\040\000M\000a\000x\000i\000m\000i\000z\000a\000t\000i\000o\000n}{subsection.3.4}% 14
\BOOKMARK [3][-]{subsubsection.3.4.2}{\376\377\000O\000v\000e\000r\000v\000i\000e\000w}{subsection.3.4}% 15
\BOOKMARK [2][-]{subsection.3.5}{\376\377\000K\000i\000m\000e\000r\000a\000-\000S\000e\000m\000a\000n\000t\000i\000c\000s}{section.3}% 16
\BOOKMARK [3][-]{subsubsection.3.5.1}{\376\377\000S\000e\000m\000i\000-\000g\000l\000o\000b\000a\000l\000\040\000m\000a\000t\000c\000h\000i\000n\000g}{subsection.3.5}% 17
\BOOKMARK [3][-]{subsubsection.3.5.2}{\376\377\000T\000r\000u\000n\000c\000a\000t\000e\000d\000\040\000s\000i\000n\000g\000e\000d\000\040\000d\000i\000s\000t\000a\000n\000c\000e\000\040\000f\000u\000n\000c\000t\000i\000o\000n\000\040\000\050\000T\000S\000D\000F\000\051}{subsection.3.5}% 18
\BOOKMARK [3][-]{subsubsection.3.5.3}{\376\377\000M\000a\000r\000c\000h\000i\000n\000g\000\040\000c\000u\000b\000e\000s}{subsection.3.5}% 19
\BOOKMARK [3][-]{subsubsection.3.5.4}{\376\377\000O\000v\000e\000r\000v\000i\000e\000w}{subsection.3.5}% 20
\BOOKMARK [2][-]{subsection.3.6}{\376\377\000P\000e\000r\000f\000o\000r\000m\000a\000n\000c\000e}{section.3}% 21
\BOOKMARK [2][-]{subsection.3.7}{\376\377\000R\000e\000s\000u\000l\000t\000s}{section.3}% 22
\BOOKMARK [1][-]{section.4}{\376\377\000R\000e\000v\000i\000e\000w}{}% 23
\BOOKMARK [1][-]{section.5}{\376\377\000C\000o\000n\000c\000l\000u\000s\000i\000o\000n}{}% 24
\BOOKMARK [1][-]{section.6}{\376\377\000A\000n\000a\000l\000y\000s\000i\000s}{}% 25
\BOOKMARK [1][-]{section.7}{\376\377\000C\000o\000n\000c\000l\000u\000s\000i\000o\000n}{}% 26
